Analysis & Synthesis report for M3
Thu May 29 22:31:06 2014
Quartus II 64-Bit Version 12.1 Build 243 01/31/2013 Service Pack 1 SJ Web Edition


---------------------
; Table of Contents ;
---------------------
  1. Legal Notice
  2. Analysis & Synthesis Summary
  3. Analysis & Synthesis Settings
  4. Parallel Compilation
  5. Analysis & Synthesis Source Files Read
  6. Analysis & Synthesis Resource Usage Summary
  7. Analysis & Synthesis Resource Utilization by Entity
  8. Registers Removed During Synthesis
  9. General Register Statistics
 10. Inverted Register Statistics
 11. Multiplexer Restructuring Statistics (Restructuring Performed)
 12. Parameter Settings for Inferred Entity Instance: seg_demo:inst6|lpm_divide:Div1
 13. Parameter Settings for Inferred Entity Instance: seg_demo:inst6|lpm_divide:Mod2
 14. Parameter Settings for Inferred Entity Instance: seg_demo:inst6|lpm_divide:Div0
 15. Parameter Settings for Inferred Entity Instance: seg_demo:inst6|lpm_divide:Mod1
 16. Parameter Settings for Inferred Entity Instance: seg_demo:inst6|lpm_divide:Mod0
 17. Parameter Settings for Inferred Entity Instance: seg_demo:inst6|lpm_divide:Div2
 18. Parameter Settings for Inferred Entity Instance: seg_demo:inst6|lpm_divide:Mod3
 19. Parameter Settings for Inferred Entity Instance: seg_demo:inst6|lpm_divide:Div3
 20. Parameter Settings for Inferred Entity Instance: seg_demo:inst6|lpm_divide:Mod4
 21. Elapsed Time Per Partition
 22. Analysis & Synthesis Messages



----------------
; Legal Notice ;
----------------
Copyright (C) 1991-2012 Altera Corporation
Your use of Altera Corporation's design tools, logic functions 
and other software and tools, and its AMPP partner logic 
functions, and any output files from any of the foregoing 
(including device programming or simulation files), and any 
associated documentation or information are expressly subject 
to the terms and conditions of the Altera Program License 
Subscription Agreement, Altera MegaCore Function License 
Agreement, or other applicable license agreement, including, 
without limitation, that your use is for the sole purpose of 
programming logic devices manufactured by Altera and sold by 
Altera or its authorized distributors.  Please refer to the 
applicable agreement for further details.



+------------------------------------------------------------------------------------+
; Analysis & Synthesis Summary                                                       ;
+------------------------------------+-----------------------------------------------+
; Analysis & Synthesis Status        ; Successful - Thu May 29 22:31:06 2014         ;
; Quartus II 64-Bit Version          ; 12.1 Build 243 01/31/2013 SP 1 SJ Web Edition ;
; Revision Name                      ; M3                                            ;
; Top-level Entity Name              ; M3                                            ;
; Family                             ; Cyclone II                                    ;
; Total logic elements               ; 1,833                                         ;
;     Total combinational functions  ; 1,606                                         ;
;     Dedicated logic registers      ; 423                                           ;
; Total registers                    ; 423                                           ;
; Total pins                         ; 179                                           ;
; Total virtual pins                 ; 0                                             ;
; Total memory bits                  ; 0                                             ;
; Embedded Multiplier 9-bit elements ; 0                                             ;
; Total PLLs                         ; 0                                             ;
+------------------------------------+-----------------------------------------------+


+----------------------------------------------------------------------------------------------------------------------+
; Analysis & Synthesis Settings                                                                                        ;
+----------------------------------------------------------------------------+--------------------+--------------------+
; Option                                                                     ; Setting            ; Default Value      ;
+----------------------------------------------------------------------------+--------------------+--------------------+
; Device                                                                     ; EP2C8F256C8        ;                    ;
; Top-level entity name                                                      ; M3                 ; M3                 ;
; Family name                                                                ; Cyclone II         ; Stratix II         ;
; Use smart compilation                                                      ; Off                ; Off                ;
; Enable parallel Assembler and TimeQuest Timing Analyzer during compilation ; On                 ; On                 ;
; Enable compact report table                                                ; Off                ; Off                ;
; Restructure Multiplexers                                                   ; Auto               ; Auto               ;
; Create Debugging Nodes for IP Cores                                        ; Off                ; Off                ;
; Preserve fewer node names                                                  ; On                 ; On                 ;
; Disable OpenCore Plus hardware evaluation                                  ; Off                ; Off                ;
; Verilog Version                                                            ; Verilog_2001       ; Verilog_2001       ;
; VHDL Version                                                               ; VHDL_1993          ; VHDL_1993          ;
; State Machine Processing                                                   ; Auto               ; Auto               ;
; Safe State Machine                                                         ; Off                ; Off                ;
; Extract Verilog State Machines                                             ; On                 ; On                 ;
; Extract VHDL State Machines                                                ; On                 ; On                 ;
; Ignore Verilog initial constructs                                          ; Off                ; Off                ;
; Iteration limit for constant Verilog loops                                 ; 5000               ; 5000               ;
; Iteration limit for non-constant Verilog loops                             ; 250                ; 250                ;
; Add Pass-Through Logic to Inferred RAMs                                    ; On                 ; On                 ;
; Infer RAMs from Raw Logic                                                  ; On                 ; On                 ;
; Parallel Synthesis                                                         ; On                 ; On                 ;
; DSP Block Balancing                                                        ; Auto               ; Auto               ;
; NOT Gate Push-Back                                                         ; On                 ; On                 ;
; Power-Up Don't Care                                                        ; On                 ; On                 ;
; Remove Redundant Logic Cells                                               ; Off                ; Off                ;
; Remove Duplicate Registers                                                 ; On                 ; On                 ;
; Ignore CARRY Buffers                                                       ; Off                ; Off                ;
; Ignore CASCADE Buffers                                                     ; Off                ; Off                ;
; Ignore GLOBAL Buffers                                                      ; Off                ; Off                ;
; Ignore ROW GLOBAL Buffers                                                  ; Off                ; Off                ;
; Ignore LCELL Buffers                                                       ; Off                ; Off                ;
; Ignore SOFT Buffers                                                        ; On                 ; On                 ;
; Limit AHDL Integers to 32 Bits                                             ; Off                ; Off                ;
; Optimization Technique                                                     ; Balanced           ; Balanced           ;
; Carry Chain Length                                                         ; 70                 ; 70                 ;
; Auto Carry Chains                                                          ; On                 ; On                 ;
; Auto Open-Drain Pins                                                       ; On                 ; On                 ;
; Perform WYSIWYG Primitive Resynthesis                                      ; Off                ; Off                ;
; Auto ROM Replacement                                                       ; On                 ; On                 ;
; Auto RAM Replacement                                                       ; On                 ; On                 ;
; Auto Shift Register Replacement                                            ; Auto               ; Auto               ;
; Allow Shift Register Merging across Hierarchies                            ; Auto               ; Auto               ;
; Auto Clock Enable Replacement                                              ; On                 ; On                 ;
; Strict RAM Replacement                                                     ; Off                ; Off                ;
; Allow Synchronous Control Signals                                          ; On                 ; On                 ;
; Force Use of Synchronous Clear Signals                                     ; Off                ; Off                ;
; Auto RAM to Logic Cell Conversion                                          ; Off                ; Off                ;
; Auto Resource Sharing                                                      ; Off                ; Off                ;
; Allow Any RAM Size For Recognition                                         ; Off                ; Off                ;
; Allow Any ROM Size For Recognition                                         ; Off                ; Off                ;
; Allow Any Shift Register Size For Recognition                              ; Off                ; Off                ;
; Use LogicLock Constraints during Resource Balancing                        ; On                 ; On                 ;
; Ignore translate_off and synthesis_off directives                          ; Off                ; Off                ;
; Timing-Driven Synthesis                                                    ; Off                ; Off                ;
; Report Parameter Settings                                                  ; On                 ; On                 ;
; Report Source Assignments                                                  ; On                 ; On                 ;
; Report Connectivity Checks                                                 ; On                 ; On                 ;
; Ignore Maximum Fan-Out Assignments                                         ; Off                ; Off                ;
; Synchronization Register Chain Length                                      ; 2                  ; 2                  ;
; PowerPlay Power Optimization                                               ; Normal compilation ; Normal compilation ;
; HDL message level                                                          ; Level2             ; Level2             ;
; Suppress Register Optimization Related Messages                            ; Off                ; Off                ;
; Number of Removed Registers Reported in Synthesis Report                   ; 5000               ; 5000               ;
; Number of Swept Nodes Reported in Synthesis Report                         ; 5000               ; 5000               ;
; Number of Inverted Registers Reported in Synthesis Report                  ; 100                ; 100                ;
; Clock MUX Protection                                                       ; On                 ; On                 ;
; Auto Gated Clock Conversion                                                ; Off                ; Off                ;
; Block Design Naming                                                        ; Auto               ; Auto               ;
; SDC constraint protection                                                  ; Off                ; Off                ;
; Synthesis Effort                                                           ; Auto               ; Auto               ;
; Shift Register Replacement - Allow Asynchronous Clear Signal               ; On                 ; On                 ;
; Pre-Mapping Resynthesis Optimization                                       ; Off                ; Off                ;
; Analysis & Synthesis Message Level                                         ; Medium             ; Medium             ;
; Disable Register Merging Across Hierarchies                                ; Auto               ; Auto               ;
; Resource Aware Inference For Block RAM                                     ; On                 ; On                 ;
; Synthesis Seed                                                             ; 1                  ; 1                  ;
+----------------------------------------------------------------------------+--------------------+--------------------+


Parallel compilation was disabled, but you have multiple processors available. Enable parallel compilation to reduce compilation time.
+-------------------------------------+
; Parallel Compilation                ;
+----------------------------+--------+
; Processors                 ; Number ;
+----------------------------+--------+
; Number detected on machine ; 4      ;
; Maximum allowed            ; 1      ;
+----------------------------+--------+


+------------------------------------------------------------------------------------------------------------------------------------------------------------------------------------------------+
; Analysis & Synthesis Source Files Read                                                                                                                                                         ;
+----------------------------------+-----------------+------------------------------------+--------------------------------------------------------------------------------------------+---------+
; File Name with User-Entered Path ; Used in Netlist ; File Type                          ; File Name with Absolute Path                                                               ; Library ;
+----------------------------------+-----------------+------------------------------------+--------------------------------------------------------------------------------------------+---------+
; FPGA_IF/counter.v                ; yes             ; User Verilog HDL File              ; C:/Users/ykm630.SOEE2/Downloads/Lab4(modified)/Lab4/SM3_M3_FPGA/FPGA_IF/counter.v          ;         ;
; M3.bdf                           ; yes             ; User Block Diagram/Schematic File  ; C:/Users/ykm630.SOEE2/Downloads/Lab4(modified)/Lab4/SM3_M3_FPGA/M3.bdf                     ;         ;
; FPGA_IF/seg.v                    ; yes             ; User Verilog HDL File              ; C:/Users/ykm630.SOEE2/Downloads/Lab4(modified)/Lab4/SM3_M3_FPGA/FPGA_IF/seg.v              ;         ;
; FPGA_IF/CLK_div_gen.v            ; yes             ; User Verilog HDL File              ; C:/Users/ykm630.SOEE2/Downloads/Lab4(modified)/Lab4/SM3_M3_FPGA/FPGA_IF/CLK_div_gen.v      ;         ;
; FPGA_IF/data_CONT.v              ; yes             ; User Verilog HDL File              ; C:/Users/ykm630.SOEE2/Downloads/Lab4(modified)/Lab4/SM3_M3_FPGA/FPGA_IF/data_CONT.v        ;         ;
; Host_IF/host_io.v                ; yes             ; User Verilog HDL File              ; C:/Users/ykm630.SOEE2/Downloads/Lab4(modified)/Lab4/SM3_M3_FPGA/Host_IF/host_io.v          ;         ;
; Host_IF/host_itf.v               ; yes             ; User Verilog HDL File              ; C:/Users/ykm630.SOEE2/Downloads/Lab4(modified)/Lab4/SM3_M3_FPGA/Host_IF/host_itf.v         ;         ;
; lpm_divide.tdf                   ; yes             ; Megafunction                       ; c:/altera/12.1sp1/quartus/libraries/megafunctions/lpm_divide.tdf                           ;         ;
; abs_divider.inc                  ; yes             ; Megafunction                       ; c:/altera/12.1sp1/quartus/libraries/megafunctions/abs_divider.inc                          ;         ;
; sign_div_unsign.inc              ; yes             ; Megafunction                       ; c:/altera/12.1sp1/quartus/libraries/megafunctions/sign_div_unsign.inc                      ;         ;
; aglobal121.inc                   ; yes             ; Megafunction                       ; c:/altera/12.1sp1/quartus/libraries/megafunctions/aglobal121.inc                           ;         ;
; db/lpm_divide_jem.tdf            ; yes             ; Auto-Generated Megafunction        ; C:/Users/ykm630.SOEE2/Downloads/Lab4(modified)/Lab4/SM3_M3_FPGA/db/lpm_divide_jem.tdf      ;         ;
; db/sign_div_unsign_tlh.tdf       ; yes             ; Auto-Generated Megafunction        ; C:/Users/ykm630.SOEE2/Downloads/Lab4(modified)/Lab4/SM3_M3_FPGA/db/sign_div_unsign_tlh.tdf ;         ;
; db/alt_u_div_s2f.tdf             ; yes             ; Auto-Generated Megafunction        ; C:/Users/ykm630.SOEE2/Downloads/Lab4(modified)/Lab4/SM3_M3_FPGA/db/alt_u_div_s2f.tdf       ;         ;
; db/add_sub_lkc.tdf               ; yes             ; Auto-Generated Megafunction        ; C:/Users/ykm630.SOEE2/Downloads/Lab4(modified)/Lab4/SM3_M3_FPGA/db/add_sub_lkc.tdf         ;         ;
; db/add_sub_mkc.tdf               ; yes             ; Auto-Generated Megafunction        ; C:/Users/ykm630.SOEE2/Downloads/Lab4(modified)/Lab4/SM3_M3_FPGA/db/add_sub_mkc.tdf         ;         ;
; db/lpm_divide_j6m.tdf            ; yes             ; Auto-Generated Megafunction        ; C:/Users/ykm630.SOEE2/Downloads/Lab4(modified)/Lab4/SM3_M3_FPGA/db/lpm_divide_j6m.tdf      ;         ;
; db/sign_div_unsign_qlh.tdf       ; yes             ; Auto-Generated Megafunction        ; C:/Users/ykm630.SOEE2/Downloads/Lab4(modified)/Lab4/SM3_M3_FPGA/db/sign_div_unsign_qlh.tdf ;         ;
; db/alt_u_div_m2f.tdf             ; yes             ; Auto-Generated Megafunction        ; C:/Users/ykm630.SOEE2/Downloads/Lab4(modified)/Lab4/SM3_M3_FPGA/db/alt_u_div_m2f.tdf       ;         ;
; db/lpm_divide_gem.tdf            ; yes             ; Auto-Generated Megafunction        ; C:/Users/ykm630.SOEE2/Downloads/Lab4(modified)/Lab4/SM3_M3_FPGA/db/lpm_divide_gem.tdf      ;         ;
; db/lpm_divide_tfm.tdf            ; yes             ; Auto-Generated Megafunction        ; C:/Users/ykm630.SOEE2/Downloads/Lab4(modified)/Lab4/SM3_M3_FPGA/db/lpm_divide_tfm.tdf      ;         ;
; db/sign_div_unsign_7nh.tdf       ; yes             ; Auto-Generated Megafunction        ; C:/Users/ykm630.SOEE2/Downloads/Lab4(modified)/Lab4/SM3_M3_FPGA/db/sign_div_unsign_7nh.tdf ;         ;
; db/alt_u_div_g5f.tdf             ; yes             ; Auto-Generated Megafunction        ; C:/Users/ykm630.SOEE2/Downloads/Lab4(modified)/Lab4/SM3_M3_FPGA/db/alt_u_div_g5f.tdf       ;         ;
; db/lpm_divide_1gm.tdf            ; yes             ; Auto-Generated Megafunction        ; C:/Users/ykm630.SOEE2/Downloads/Lab4(modified)/Lab4/SM3_M3_FPGA/db/lpm_divide_1gm.tdf      ;         ;
; db/sign_div_unsign_bnh.tdf       ; yes             ; Auto-Generated Megafunction        ; C:/Users/ykm630.SOEE2/Downloads/Lab4(modified)/Lab4/SM3_M3_FPGA/db/sign_div_unsign_bnh.tdf ;         ;
; db/alt_u_div_o5f.tdf             ; yes             ; Auto-Generated Megafunction        ; C:/Users/ykm630.SOEE2/Downloads/Lab4(modified)/Lab4/SM3_M3_FPGA/db/alt_u_div_o5f.tdf       ;         ;
+----------------------------------+-----------------+------------------------------------+--------------------------------------------------------------------------------------------+---------+


+-----------------------------------------------------+
; Analysis & Synthesis Resource Usage Summary         ;
+---------------------------------------------+-------+
; Resource                                    ; Usage ;
+---------------------------------------------+-------+
; Estimated Total logic elements              ; 1,833 ;
;                                             ;       ;
; Total combinational functions               ; 1606  ;
; Logic element usage by number of LUT inputs ;       ;
;     -- 4 input functions                    ; 496   ;
;     -- 3 input functions                    ; 344   ;
;     -- <=2 input functions                  ; 766   ;
;                                             ;       ;
; Logic elements by mode                      ;       ;
;     -- normal mode                          ; 1136  ;
;     -- arithmetic mode                      ; 470   ;
;                                             ;       ;
; Total registers                             ; 423   ;
;     -- Dedicated logic registers            ; 423   ;
;     -- I/O registers                        ; 0     ;
;                                             ;       ;
; I/O pins                                    ; 179   ;
; Embedded Multiplier 9-bit elements          ; 0     ;
; Maximum fan-out                             ; 308   ;
; Total fan-out                               ; 6103  ;
; Average fan-out                             ; 2.76  ;
+---------------------------------------------+-------+


+-------------------------------------------------------------------------------------------------------------------------------------------------------------------------------------------------------------------------------------------------------------------------------------------+
; Analysis & Synthesis Resource Utilization by Entity                                                                                                                                                                                                                                       ;
+-------------------------------------------+-------------------+--------------+-------------+--------------+---------+-----------+------+--------------+--------------------------------------------------------------------------------------------------------------------+--------------+
; Compilation Hierarchy Node                ; LC Combinationals ; LC Registers ; Memory Bits ; DSP Elements ; DSP 9x9 ; DSP 18x18 ; Pins ; Virtual Pins ; Full Hierarchy Name                                                                                                ; Library Name ;
+-------------------------------------------+-------------------+--------------+-------------+--------------+---------+-----------+------+--------------+--------------------------------------------------------------------------------------------------------------------+--------------+
; |M3                                       ; 1606 (2)          ; 423 (0)      ; 0           ; 0            ; 0       ; 0         ; 179  ; 0            ; |M3                                                                                                                ;              ;
;    |CLK_div_gen:inst2|                    ; 95 (95)           ; 64 (64)      ; 0           ; 0            ; 0       ; 0         ; 0    ; 0            ; |M3|CLK_div_gen:inst2                                                                                              ;              ;
;    |counter_demo:inst3|                   ; 68 (68)           ; 49 (49)      ; 0           ; 0            ; 0       ; 0         ; 0    ; 0            ; |M3|counter_demo:inst3                                                                                             ;              ;
;    |data_CONT:inst5|                      ; 14 (14)           ; 0 (0)        ; 0           ; 0            ; 0       ; 0         ; 0    ; 0            ; |M3|data_CONT:inst5                                                                                                ;              ;
;    |host_io:inst|                         ; 1 (1)             ; 18 (18)      ; 0           ; 0            ; 0       ; 0         ; 0    ; 0            ; |M3|host_io:inst                                                                                                   ;              ;
;    |host_itf:inst1|                       ; 297 (297)         ; 275 (275)    ; 0           ; 0            ; 0       ; 0         ; 0    ; 0            ; |M3|host_itf:inst1                                                                                                 ;              ;
;    |seg_demo:inst6|                       ; 1129 (67)         ; 17 (17)      ; 0           ; 0            ; 0       ; 0         ; 0    ; 0            ; |M3|seg_demo:inst6                                                                                                 ;              ;
;       |lpm_divide:Div0|                   ; 160 (0)           ; 0 (0)        ; 0           ; 0            ; 0       ; 0         ; 0    ; 0            ; |M3|seg_demo:inst6|lpm_divide:Div0                                                                                 ;              ;
;          |lpm_divide_gem:auto_generated|  ; 160 (0)           ; 0 (0)        ; 0           ; 0            ; 0       ; 0         ; 0    ; 0            ; |M3|seg_demo:inst6|lpm_divide:Div0|lpm_divide_gem:auto_generated                                                   ;              ;
;             |sign_div_unsign_qlh:divider| ; 160 (0)           ; 0 (0)        ; 0           ; 0            ; 0       ; 0         ; 0    ; 0            ; |M3|seg_demo:inst6|lpm_divide:Div0|lpm_divide_gem:auto_generated|sign_div_unsign_qlh:divider                       ;              ;
;                |alt_u_div_m2f:divider|    ; 160 (160)         ; 0 (0)        ; 0           ; 0            ; 0       ; 0         ; 0    ; 0            ; |M3|seg_demo:inst6|lpm_divide:Div0|lpm_divide_gem:auto_generated|sign_div_unsign_qlh:divider|alt_u_div_m2f:divider ;              ;
;       |lpm_divide:Div1|                   ; 201 (0)           ; 0 (0)        ; 0           ; 0            ; 0       ; 0         ; 0    ; 0            ; |M3|seg_demo:inst6|lpm_divide:Div1                                                                                 ;              ;
;          |lpm_divide_jem:auto_generated|  ; 201 (0)           ; 0 (0)        ; 0           ; 0            ; 0       ; 0         ; 0    ; 0            ; |M3|seg_demo:inst6|lpm_divide:Div1|lpm_divide_jem:auto_generated                                                   ;              ;
;             |sign_div_unsign_tlh:divider| ; 201 (0)           ; 0 (0)        ; 0           ; 0            ; 0       ; 0         ; 0    ; 0            ; |M3|seg_demo:inst6|lpm_divide:Div1|lpm_divide_jem:auto_generated|sign_div_unsign_tlh:divider                       ;              ;
;                |alt_u_div_s2f:divider|    ; 201 (201)         ; 0 (0)        ; 0           ; 0            ; 0       ; 0         ; 0    ; 0            ; |M3|seg_demo:inst6|lpm_divide:Div1|lpm_divide_jem:auto_generated|sign_div_unsign_tlh:divider|alt_u_div_s2f:divider ;              ;
;       |lpm_divide:Div2|                   ; 185 (0)           ; 0 (0)        ; 0           ; 0            ; 0       ; 0         ; 0    ; 0            ; |M3|seg_demo:inst6|lpm_divide:Div2                                                                                 ;              ;
;          |lpm_divide_tfm:auto_generated|  ; 185 (0)           ; 0 (0)        ; 0           ; 0            ; 0       ; 0         ; 0    ; 0            ; |M3|seg_demo:inst6|lpm_divide:Div2|lpm_divide_tfm:auto_generated                                                   ;              ;
;             |sign_div_unsign_7nh:divider| ; 185 (0)           ; 0 (0)        ; 0           ; 0            ; 0       ; 0         ; 0    ; 0            ; |M3|seg_demo:inst6|lpm_divide:Div2|lpm_divide_tfm:auto_generated|sign_div_unsign_7nh:divider                       ;              ;
;                |alt_u_div_g5f:divider|    ; 185 (185)         ; 0 (0)        ; 0           ; 0            ; 0       ; 0         ; 0    ; 0            ; |M3|seg_demo:inst6|lpm_divide:Div2|lpm_divide_tfm:auto_generated|sign_div_unsign_7nh:divider|alt_u_div_g5f:divider ;              ;
;       |lpm_divide:Div3|                   ; 82 (0)            ; 0 (0)        ; 0           ; 0            ; 0       ; 0         ; 0    ; 0            ; |M3|seg_demo:inst6|lpm_divide:Div3                                                                                 ;              ;
;          |lpm_divide_1gm:auto_generated|  ; 82 (0)            ; 0 (0)        ; 0           ; 0            ; 0       ; 0         ; 0    ; 0            ; |M3|seg_demo:inst6|lpm_divide:Div3|lpm_divide_1gm:auto_generated                                                   ;              ;
;             |sign_div_unsign_bnh:divider| ; 82 (0)            ; 0 (0)        ; 0           ; 0            ; 0       ; 0         ; 0    ; 0            ; |M3|seg_demo:inst6|lpm_divide:Div3|lpm_divide_1gm:auto_generated|sign_div_unsign_bnh:divider                       ;              ;
;                |alt_u_div_o5f:divider|    ; 82 (82)           ; 0 (0)        ; 0           ; 0            ; 0       ; 0         ; 0    ; 0            ; |M3|seg_demo:inst6|lpm_divide:Div3|lpm_divide_1gm:auto_generated|sign_div_unsign_bnh:divider|alt_u_div_o5f:divider ;              ;
;       |lpm_divide:Mod0|                   ; 163 (0)           ; 0 (0)        ; 0           ; 0            ; 0       ; 0         ; 0    ; 0            ; |M3|seg_demo:inst6|lpm_divide:Mod0                                                                                 ;              ;
;          |lpm_divide_j6m:auto_generated|  ; 163 (0)           ; 0 (0)        ; 0           ; 0            ; 0       ; 0         ; 0    ; 0            ; |M3|seg_demo:inst6|lpm_divide:Mod0|lpm_divide_j6m:auto_generated                                                   ;              ;
;             |sign_div_unsign_qlh:divider| ; 163 (0)           ; 0 (0)        ; 0           ; 0            ; 0       ; 0         ; 0    ; 0            ; |M3|seg_demo:inst6|lpm_divide:Mod0|lpm_divide_j6m:auto_generated|sign_div_unsign_qlh:divider                       ;              ;
;                |alt_u_div_m2f:divider|    ; 163 (163)         ; 0 (0)        ; 0           ; 0            ; 0       ; 0         ; 0    ; 0            ; |M3|seg_demo:inst6|lpm_divide:Mod0|lpm_divide_j6m:auto_generated|sign_div_unsign_qlh:divider|alt_u_div_m2f:divider ;              ;
;       |lpm_divide:Mod1|                   ; 125 (0)           ; 0 (0)        ; 0           ; 0            ; 0       ; 0         ; 0    ; 0            ; |M3|seg_demo:inst6|lpm_divide:Mod1                                                                                 ;              ;
;          |lpm_divide_j6m:auto_generated|  ; 125 (0)           ; 0 (0)        ; 0           ; 0            ; 0       ; 0         ; 0    ; 0            ; |M3|seg_demo:inst6|lpm_divide:Mod1|lpm_divide_j6m:auto_generated                                                   ;              ;
;             |sign_div_unsign_qlh:divider| ; 125 (0)           ; 0 (0)        ; 0           ; 0            ; 0       ; 0         ; 0    ; 0            ; |M3|seg_demo:inst6|lpm_divide:Mod1|lpm_divide_j6m:auto_generated|sign_div_unsign_qlh:divider                       ;              ;
;                |alt_u_div_m2f:divider|    ; 125 (125)         ; 0 (0)        ; 0           ; 0            ; 0       ; 0         ; 0    ; 0            ; |M3|seg_demo:inst6|lpm_divide:Mod1|lpm_divide_j6m:auto_generated|sign_div_unsign_qlh:divider|alt_u_div_m2f:divider ;              ;
;       |lpm_divide:Mod2|                   ; 94 (0)            ; 0 (0)        ; 0           ; 0            ; 0       ; 0         ; 0    ; 0            ; |M3|seg_demo:inst6|lpm_divide:Mod2                                                                                 ;              ;
;          |lpm_divide_j6m:auto_generated|  ; 94 (0)            ; 0 (0)        ; 0           ; 0            ; 0       ; 0         ; 0    ; 0            ; |M3|seg_demo:inst6|lpm_divide:Mod2|lpm_divide_j6m:auto_generated                                                   ;              ;
;             |sign_div_unsign_qlh:divider| ; 94 (0)            ; 0 (0)        ; 0           ; 0            ; 0       ; 0         ; 0    ; 0            ; |M3|seg_demo:inst6|lpm_divide:Mod2|lpm_divide_j6m:auto_generated|sign_div_unsign_qlh:divider                       ;              ;
;                |alt_u_div_m2f:divider|    ; 94 (94)           ; 0 (0)        ; 0           ; 0            ; 0       ; 0         ; 0    ; 0            ; |M3|seg_demo:inst6|lpm_divide:Mod2|lpm_divide_j6m:auto_generated|sign_div_unsign_qlh:divider|alt_u_div_m2f:divider ;              ;
;       |lpm_divide:Mod3|                   ; 52 (0)            ; 0 (0)        ; 0           ; 0            ; 0       ; 0         ; 0    ; 0            ; |M3|seg_demo:inst6|lpm_divide:Mod3                                                                                 ;              ;
;          |lpm_divide_j6m:auto_generated|  ; 52 (0)            ; 0 (0)        ; 0           ; 0            ; 0       ; 0         ; 0    ; 0            ; |M3|seg_demo:inst6|lpm_divide:Mod3|lpm_divide_j6m:auto_generated                                                   ;              ;
;             |sign_div_unsign_qlh:divider| ; 52 (0)            ; 0 (0)        ; 0           ; 0            ; 0       ; 0         ; 0    ; 0            ; |M3|seg_demo:inst6|lpm_divide:Mod3|lpm_divide_j6m:auto_generated|sign_div_unsign_qlh:divider                       ;              ;
;                |alt_u_div_m2f:divider|    ; 52 (52)           ; 0 (0)        ; 0           ; 0            ; 0       ; 0         ; 0    ; 0            ; |M3|seg_demo:inst6|lpm_divide:Mod3|lpm_divide_j6m:auto_generated|sign_div_unsign_qlh:divider|alt_u_div_m2f:divider ;              ;
+-------------------------------------------+-------------------+--------------+-------------+--------------+---------+-----------+------+--------------+--------------------------------------------------------------------------------------------------------------------+--------------+
Note: For table entries with two numbers listed, the numbers in parentheses indicate the number of resources of the given type used by the specific entity alone. The numbers listed outside of parentheses indicate the total resources of the given type used by the specific entity and all of its sub-entities in the hierarchy.


+-----------------------------------------------------------------------------------+
; Registers Removed During Synthesis                                                ;
+---------------------------------------+-------------------------------------------+
; Register name                         ; Reason for Removal                        ;
+---------------------------------------+-------------------------------------------+
; CLK_div_gen:inst2|CNT_3KHz[0]         ; Merged with CLK_div_gen:inst2|CNT_1KHz[0] ;
; CLK_div_gen:inst2|CNT_3KHz[1]         ; Merged with CLK_div_gen:inst2|CNT_1KHz[1] ;
; Total Number of Removed Registers = 2 ;                                           ;
+---------------------------------------+-------------------------------------------+


+------------------------------------------------------+
; General Register Statistics                          ;
+----------------------------------------------+-------+
; Statistic                                    ; Value ;
+----------------------------------------------+-------+
; Total registers                              ; 423   ;
; Number of registers using Synchronous Clear  ; 32    ;
; Number of registers using Synchronous Load   ; 48    ;
; Number of registers using Asynchronous Clear ; 402   ;
; Number of registers using Asynchronous Load  ; 0     ;
; Number of registers using Clock Enable       ; 291   ;
; Number of registers using Preset             ; 0     ;
+----------------------------------------------+-------+


+--------------------------------------------------+
; Inverted Register Statistics                     ;
+----------------------------------------+---------+
; Inverted Register                      ; Fan out ;
+----------------------------------------+---------+
; seg_demo:inst6|seg_disp[7]             ; 1       ;
; seg_demo:inst6|seg_disp[6]             ; 1       ;
; seg_demo:inst6|seg_disp[5]             ; 1       ;
; seg_demo:inst6|seg_disp[4]             ; 1       ;
; seg_demo:inst6|seg_disp[3]             ; 1       ;
; seg_demo:inst6|seg_disp[2]             ; 1       ;
; seg_demo:inst6|seg_disp[1]             ; 1       ;
; seg_demo:inst6|seg_disp[0]             ; 1       ;
; host_itf:inst1|V_SEL                   ; 2       ;
; Total number of inverted registers = 9 ;         ;
+----------------------------------------+---------+


+---------------------------------------------------------------------------------------------------------------------------------------------------+
; Multiplexer Restructuring Statistics (Restructuring Performed)                                                                                    ;
+--------------------+-----------+---------------+----------------------+------------------------+------------+-------------------------------------+
; Multiplexer Inputs ; Bus Width ; Baseline Area ; Area if Restructured ; Saving if Restructured ; Registered ; Example Multiplexer Output          ;
+--------------------+-----------+---------------+----------------------+------------------------+------------+-------------------------------------+
; 3:1                ; 32 bits   ; 64 LEs        ; 64 LEs               ; 0 LEs                  ; Yes        ; |M3|host_itf:inst1|clk_cnt[18]      ;
; 5:1                ; 16 bits   ; 48 LEs        ; 32 LEs               ; 16 LEs                 ; Yes        ; |M3|host_itf:inst1|x8800_00F0[1]    ;
; 5:1                ; 16 bits   ; 48 LEs        ; 16 LEs               ; 32 LEs                 ; Yes        ; |M3|counter_demo:inst3|data[0]      ;
; 5:1                ; 32 bits   ; 96 LEs        ; 32 LEs               ; 64 LEs                 ; Yes        ; |M3|counter_demo:inst3|cnt_1000[14] ;
; 8:1                ; 7 bits    ; 35 LEs        ; 28 LEs               ; 7 LEs                  ; Yes        ; |M3|seg_demo:inst6|seg_disp[7]      ;
; 21:1               ; 11 bits   ; 154 LEs       ; 154 LEs              ; 0 LEs                  ; Yes        ; |M3|host_itf:inst1|HDO[8]           ;
; 23:1               ; 2 bits    ; 30 LEs        ; 30 LEs               ; 0 LEs                  ; Yes        ; |M3|host_itf:inst1|HDO[0]           ;
; 23:1               ; 2 bits    ; 30 LEs        ; 30 LEs               ; 0 LEs                  ; Yes        ; |M3|host_itf:inst1|HDO[3]           ;
+--------------------+-----------+---------------+----------------------+------------------------+------------+-------------------------------------+


+---------------------------------------------------------------------------------+
; Parameter Settings for Inferred Entity Instance: seg_demo:inst6|lpm_divide:Div1 ;
+------------------------+----------------+---------------------------------------+
; Parameter Name         ; Value          ; Type                                  ;
+------------------------+----------------+---------------------------------------+
; LPM_WIDTHN             ; 16             ; Untyped                               ;
; LPM_WIDTHD             ; 7              ; Untyped                               ;
; LPM_NREPRESENTATION    ; UNSIGNED       ; Untyped                               ;
; LPM_DREPRESENTATION    ; UNSIGNED       ; Untyped                               ;
; LPM_PIPELINE           ; 0              ; Untyped                               ;
; LPM_REMAINDERPOSITIVE  ; TRUE           ; Untyped                               ;
; MAXIMIZE_SPEED         ; 5              ; Untyped                               ;
; CBXI_PARAMETER         ; lpm_divide_jem ; Untyped                               ;
; CARRY_CHAIN            ; MANUAL         ; Untyped                               ;
; OPTIMIZE_FOR_SPEED     ; 5              ; Untyped                               ;
; AUTO_CARRY_CHAINS      ; ON             ; AUTO_CARRY                            ;
; IGNORE_CARRY_BUFFERS   ; OFF            ; IGNORE_CARRY                          ;
; AUTO_CASCADE_CHAINS    ; ON             ; AUTO_CASCADE                          ;
; IGNORE_CASCADE_BUFFERS ; OFF            ; IGNORE_CASCADE                        ;
+------------------------+----------------+---------------------------------------+
Note: In order to hide this table in the UI and the text report file, please set the "Show Parameter Settings in Synthesis Report" option in "Analysis and Synthesis Settings -> More Settings" to "Off".


+---------------------------------------------------------------------------------+
; Parameter Settings for Inferred Entity Instance: seg_demo:inst6|lpm_divide:Mod2 ;
+------------------------+----------------+---------------------------------------+
; Parameter Name         ; Value          ; Type                                  ;
+------------------------+----------------+---------------------------------------+
; LPM_WIDTHN             ; 16             ; Untyped                               ;
; LPM_WIDTHD             ; 4              ; Untyped                               ;
; LPM_NREPRESENTATION    ; UNSIGNED       ; Untyped                               ;
; LPM_DREPRESENTATION    ; UNSIGNED       ; Untyped                               ;
; LPM_PIPELINE           ; 0              ; Untyped                               ;
; LPM_REMAINDERPOSITIVE  ; TRUE           ; Untyped                               ;
; MAXIMIZE_SPEED         ; 5              ; Untyped                               ;
; CBXI_PARAMETER         ; lpm_divide_j6m ; Untyped                               ;
; CARRY_CHAIN            ; MANUAL         ; Untyped                               ;
; OPTIMIZE_FOR_SPEED     ; 5              ; Untyped                               ;
; AUTO_CARRY_CHAINS      ; ON             ; AUTO_CARRY                            ;
; IGNORE_CARRY_BUFFERS   ; OFF            ; IGNORE_CARRY                          ;
; AUTO_CASCADE_CHAINS    ; ON             ; AUTO_CASCADE                          ;
; IGNORE_CASCADE_BUFFERS ; OFF            ; IGNORE_CASCADE                        ;
+------------------------+----------------+---------------------------------------+
Note: In order to hide this table in the UI and the text report file, please set the "Show Parameter Settings in Synthesis Report" option in "Analysis and Synthesis Settings -> More Settings" to "Off".


+---------------------------------------------------------------------------------+
; Parameter Settings for Inferred Entity Instance: seg_demo:inst6|lpm_divide:Div0 ;
+------------------------+----------------+---------------------------------------+
; Parameter Name         ; Value          ; Type                                  ;
+------------------------+----------------+---------------------------------------+
; LPM_WIDTHN             ; 16             ; Untyped                               ;
; LPM_WIDTHD             ; 4              ; Untyped                               ;
; LPM_NREPRESENTATION    ; UNSIGNED       ; Untyped                               ;
; LPM_DREPRESENTATION    ; UNSIGNED       ; Untyped                               ;
; LPM_PIPELINE           ; 0              ; Untyped                               ;
; LPM_REMAINDERPOSITIVE  ; TRUE           ; Untyped                               ;
; MAXIMIZE_SPEED         ; 5              ; Untyped                               ;
; CBXI_PARAMETER         ; lpm_divide_gem ; Untyped                               ;
; CARRY_CHAIN            ; MANUAL         ; Untyped                               ;
; OPTIMIZE_FOR_SPEED     ; 5              ; Untyped                               ;
; AUTO_CARRY_CHAINS      ; ON             ; AUTO_CARRY                            ;
; IGNORE_CARRY_BUFFERS   ; OFF            ; IGNORE_CARRY                          ;
; AUTO_CASCADE_CHAINS    ; ON             ; AUTO_CASCADE                          ;
; IGNORE_CASCADE_BUFFERS ; OFF            ; IGNORE_CASCADE                        ;
+------------------------+----------------+---------------------------------------+
Note: In order to hide this table in the UI and the text report file, please set the "Show Parameter Settings in Synthesis Report" option in "Analysis and Synthesis Settings -> More Settings" to "Off".


+---------------------------------------------------------------------------------+
; Parameter Settings for Inferred Entity Instance: seg_demo:inst6|lpm_divide:Mod1 ;
+------------------------+----------------+---------------------------------------+
; Parameter Name         ; Value          ; Type                                  ;
+------------------------+----------------+---------------------------------------+
; LPM_WIDTHN             ; 16             ; Untyped                               ;
; LPM_WIDTHD             ; 4              ; Untyped                               ;
; LPM_NREPRESENTATION    ; UNSIGNED       ; Untyped                               ;
; LPM_DREPRESENTATION    ; UNSIGNED       ; Untyped                               ;
; LPM_PIPELINE           ; 0              ; Untyped                               ;
; LPM_REMAINDERPOSITIVE  ; TRUE           ; Untyped                               ;
; MAXIMIZE_SPEED         ; 5              ; Untyped                               ;
; CBXI_PARAMETER         ; lpm_divide_j6m ; Untyped                               ;
; CARRY_CHAIN            ; MANUAL         ; Untyped                               ;
; OPTIMIZE_FOR_SPEED     ; 5              ; Untyped                               ;
; AUTO_CARRY_CHAINS      ; ON             ; AUTO_CARRY                            ;
; IGNORE_CARRY_BUFFERS   ; OFF            ; IGNORE_CARRY                          ;
; AUTO_CASCADE_CHAINS    ; ON             ; AUTO_CASCADE                          ;
; IGNORE_CASCADE_BUFFERS ; OFF            ; IGNORE_CASCADE                        ;
+------------------------+----------------+---------------------------------------+
Note: In order to hide this table in the UI and the text report file, please set the "Show Parameter Settings in Synthesis Report" option in "Analysis and Synthesis Settings -> More Settings" to "Off".


+---------------------------------------------------------------------------------+
; Parameter Settings for Inferred Entity Instance: seg_demo:inst6|lpm_divide:Mod0 ;
+------------------------+----------------+---------------------------------------+
; Parameter Name         ; Value          ; Type                                  ;
+------------------------+----------------+---------------------------------------+
; LPM_WIDTHN             ; 16             ; Untyped                               ;
; LPM_WIDTHD             ; 4              ; Untyped                               ;
; LPM_NREPRESENTATION    ; UNSIGNED       ; Untyped                               ;
; LPM_DREPRESENTATION    ; UNSIGNED       ; Untyped                               ;
; LPM_PIPELINE           ; 0              ; Untyped                               ;
; LPM_REMAINDERPOSITIVE  ; TRUE           ; Untyped                               ;
; MAXIMIZE_SPEED         ; 5              ; Untyped                               ;
; CBXI_PARAMETER         ; lpm_divide_j6m ; Untyped                               ;
; CARRY_CHAIN            ; MANUAL         ; Untyped                               ;
; OPTIMIZE_FOR_SPEED     ; 5              ; Untyped                               ;
; AUTO_CARRY_CHAINS      ; ON             ; AUTO_CARRY                            ;
; IGNORE_CARRY_BUFFERS   ; OFF            ; IGNORE_CARRY                          ;
; AUTO_CASCADE_CHAINS    ; ON             ; AUTO_CASCADE                          ;
; IGNORE_CASCADE_BUFFERS ; OFF            ; IGNORE_CASCADE                        ;
+------------------------+----------------+---------------------------------------+
Note: In order to hide this table in the UI and the text report file, please set the "Show Parameter Settings in Synthesis Report" option in "Analysis and Synthesis Settings -> More Settings" to "Off".


+---------------------------------------------------------------------------------+
; Parameter Settings for Inferred Entity Instance: seg_demo:inst6|lpm_divide:Div2 ;
+------------------------+----------------+---------------------------------------+
; Parameter Name         ; Value          ; Type                                  ;
+------------------------+----------------+---------------------------------------+
; LPM_WIDTHN             ; 16             ; Untyped                               ;
; LPM_WIDTHD             ; 10             ; Untyped                               ;
; LPM_NREPRESENTATION    ; UNSIGNED       ; Untyped                               ;
; LPM_DREPRESENTATION    ; UNSIGNED       ; Untyped                               ;
; LPM_PIPELINE           ; 0              ; Untyped                               ;
; LPM_REMAINDERPOSITIVE  ; TRUE           ; Untyped                               ;
; MAXIMIZE_SPEED         ; 5              ; Untyped                               ;
; CBXI_PARAMETER         ; lpm_divide_tfm ; Untyped                               ;
; CARRY_CHAIN            ; MANUAL         ; Untyped                               ;
; OPTIMIZE_FOR_SPEED     ; 5              ; Untyped                               ;
; AUTO_CARRY_CHAINS      ; ON             ; AUTO_CARRY                            ;
; IGNORE_CARRY_BUFFERS   ; OFF            ; IGNORE_CARRY                          ;
; AUTO_CASCADE_CHAINS    ; ON             ; AUTO_CASCADE                          ;
; IGNORE_CASCADE_BUFFERS ; OFF            ; IGNORE_CASCADE                        ;
+------------------------+----------------+---------------------------------------+
Note: In order to hide this table in the UI and the text report file, please set the "Show Parameter Settings in Synthesis Report" option in "Analysis and Synthesis Settings -> More Settings" to "Off".


+---------------------------------------------------------------------------------+
; Parameter Settings for Inferred Entity Instance: seg_demo:inst6|lpm_divide:Mod3 ;
+------------------------+----------------+---------------------------------------+
; Parameter Name         ; Value          ; Type                                  ;
+------------------------+----------------+---------------------------------------+
; LPM_WIDTHN             ; 16             ; Untyped                               ;
; LPM_WIDTHD             ; 4              ; Untyped                               ;
; LPM_NREPRESENTATION    ; UNSIGNED       ; Untyped                               ;
; LPM_DREPRESENTATION    ; UNSIGNED       ; Untyped                               ;
; LPM_PIPELINE           ; 0              ; Untyped                               ;
; LPM_REMAINDERPOSITIVE  ; TRUE           ; Untyped                               ;
; MAXIMIZE_SPEED         ; 5              ; Untyped                               ;
; CBXI_PARAMETER         ; lpm_divide_j6m ; Untyped                               ;
; CARRY_CHAIN            ; MANUAL         ; Untyped                               ;
; OPTIMIZE_FOR_SPEED     ; 5              ; Untyped                               ;
; AUTO_CARRY_CHAINS      ; ON             ; AUTO_CARRY                            ;
; IGNORE_CARRY_BUFFERS   ; OFF            ; IGNORE_CARRY                          ;
; AUTO_CASCADE_CHAINS    ; ON             ; AUTO_CASCADE                          ;
; IGNORE_CASCADE_BUFFERS ; OFF            ; IGNORE_CASCADE                        ;
+------------------------+----------------+---------------------------------------+
Note: In order to hide this table in the UI and the text report file, please set the "Show Parameter Settings in Synthesis Report" option in "Analysis and Synthesis Settings -> More Settings" to "Off".


+---------------------------------------------------------------------------------+
; Parameter Settings for Inferred Entity Instance: seg_demo:inst6|lpm_divide:Div3 ;
+------------------------+----------------+---------------------------------------+
; Parameter Name         ; Value          ; Type                                  ;
+------------------------+----------------+---------------------------------------+
; LPM_WIDTHN             ; 16             ; Untyped                               ;
; LPM_WIDTHD             ; 14             ; Untyped                               ;
; LPM_NREPRESENTATION    ; UNSIGNED       ; Untyped                               ;
; LPM_DREPRESENTATION    ; UNSIGNED       ; Untyped                               ;
; LPM_PIPELINE           ; 0              ; Untyped                               ;
; LPM_REMAINDERPOSITIVE  ; TRUE           ; Untyped                               ;
; MAXIMIZE_SPEED         ; 5              ; Untyped                               ;
; CBXI_PARAMETER         ; lpm_divide_1gm ; Untyped                               ;
; CARRY_CHAIN            ; MANUAL         ; Untyped                               ;
; OPTIMIZE_FOR_SPEED     ; 5              ; Untyped                               ;
; AUTO_CARRY_CHAINS      ; ON             ; AUTO_CARRY                            ;
; IGNORE_CARRY_BUFFERS   ; OFF            ; IGNORE_CARRY                          ;
; AUTO_CASCADE_CHAINS    ; ON             ; AUTO_CASCADE                          ;
; IGNORE_CASCADE_BUFFERS ; OFF            ; IGNORE_CASCADE                        ;
+------------------------+----------------+---------------------------------------+
Note: In order to hide this table in the UI and the text report file, please set the "Show Parameter Settings in Synthesis Report" option in "Analysis and Synthesis Settings -> More Settings" to "Off".


+---------------------------------------------------------------------------------+
; Parameter Settings for Inferred Entity Instance: seg_demo:inst6|lpm_divide:Mod4 ;
+------------------------+----------------+---------------------------------------+
; Parameter Name         ; Value          ; Type                                  ;
+------------------------+----------------+---------------------------------------+
; LPM_WIDTHN             ; 16             ; Untyped                               ;
; LPM_WIDTHD             ; 4              ; Untyped                               ;
; LPM_NREPRESENTATION    ; UNSIGNED       ; Untyped                               ;
; LPM_DREPRESENTATION    ; UNSIGNED       ; Untyped                               ;
; LPM_PIPELINE           ; 0              ; Untyped                               ;
; LPM_REMAINDERPOSITIVE  ; TRUE           ; Untyped                               ;
; MAXIMIZE_SPEED         ; 5              ; Untyped                               ;
; CBXI_PARAMETER         ; lpm_divide_j6m ; Untyped                               ;
; CARRY_CHAIN            ; MANUAL         ; Untyped                               ;
; OPTIMIZE_FOR_SPEED     ; 5              ; Untyped                               ;
; AUTO_CARRY_CHAINS      ; ON             ; AUTO_CARRY                            ;
; IGNORE_CARRY_BUFFERS   ; OFF            ; IGNORE_CARRY                          ;
; AUTO_CASCADE_CHAINS    ; ON             ; AUTO_CASCADE                          ;
; IGNORE_CASCADE_BUFFERS ; OFF            ; IGNORE_CASCADE                        ;
+------------------------+----------------+---------------------------------------+
Note: In order to hide this table in the UI and the text report file, please set the "Show Parameter Settings in Synthesis Report" option in "Analysis and Synthesis Settings -> More Settings" to "Off".


+-------------------------------+
; Elapsed Time Per Partition    ;
+----------------+--------------+
; Partition Name ; Elapsed Time ;
+----------------+--------------+
; Top            ; 00:00:03     ;
+----------------+--------------+


+-------------------------------+
; Analysis & Synthesis Messages ;
+-------------------------------+
Info: *******************************************************************
Info: Running Quartus II 64-Bit Analysis & Synthesis
    Info: Version 12.1 Build 243 01/31/2013 Service Pack 1 SJ Web Edition
    Info: Processing started: Thu May 29 22:31:01 2014
Info: Command: quartus_map --read_settings_files=on --write_settings_files=off M3 -c M3
Warning (20028): Parallel compilation is not licensed and has been disabled
Info (12021): Found 1 design units, including 1 entities, in source file fpga_if/counter.v
    Info (12023): Found entity 1: counter_demo
Info (12021): Found 1 design units, including 1 entities, in source file m3.bdf
    Info (12023): Found entity 1: M3
Info (12021): Found 1 design units, including 1 entities, in source file fpga_if/seg.v
    Info (12023): Found entity 1: seg_demo
Info (12021): Found 1 design units, including 1 entities, in source file fpga_if/logic_out.v
    Info (12023): Found entity 1: Logic_out
Info (12021): Found 1 design units, including 1 entities, in source file fpga_if/clk_div_gen.v
    Info (12023): Found entity 1: CLK_div_gen
Info (12021): Found 1 design units, including 1 entities, in source file fpga_if/data_cont.v
    Info (12023): Found entity 1: data_CONT
Info (12021): Found 1 design units, including 1 entities, in source file host_if/host_io.v
    Info (12023): Found entity 1: host_io
Info (12021): Found 1 design units, including 1 entities, in source file host_if/host_itf.v
    Info (12023): Found entity 1: host_itf
Info (12127): Elaborating entity "M3" for the top level hierarchy
Warning (275043): Pin "lcd_e" is missing source
Warning (275043): Pin "lcd_rs" is missing source
Warning (275043): Pin "lcd_rw" is missing source
Warning (275043): Pin "SRAM_nOE" is missing source
Warning (275043): Pin "SRAM_nWE" is missing source
Warning (275043): Pin "SRAM_nCS" is missing source
Warning (275043): Pin "dot_d[6..0]" is missing source
Warning (275043): Pin "dot_scan[9..0]" is missing source
Warning (275043): Pin "lcd_data[7..0]" is missing source
Warning (275043): Pin "led[7..0]" is missing source
Warning (275043): Pin "SRAM_ADDR[17..0]" is missing source
Warning (275009): Pin "M_nRESET" not connected
Warning (275009): Pin "XCLKOUT" not connected
Warning (275009): Pin "CPLD_8" not connected
Warning (275009): Pin "CPLD_1" not connected
Warning (275009): Pin "XEINT8" not connected
Warning (275009): Pin "STEP_A" not connected
Warning (275009): Pin "STEP_nA" not connected
Warning (275009): Pin "STEP_B" not connected
Warning (275009): Pin "STEP_nB" not connected
Warning (275009): Pin "GPJ4_0" not connected
Warning (275009): Pin "GPJ4_1" not connected
Warning (275009): Pin "GPJ4_2" not connected
Warning (275009): Pin "GPJ4_3" not connected
Warning (275009): Pin "GPJ4_4" not connected
Warning (275009): Pin "GPJ1_5" not connected
Warning (275009): Pin "SPI_DOUT" not connected
Warning (275009): Pin "SPI_DIN" not connected
Warning (275009): Pin "SPI_SCLK" not connected
Warning (275009): Pin "SPI_DA_CS" not connected
Warning (275009): Pin "SPI_AD_CS" not connected
Info (12128): Elaborating entity "host_itf" for hierarchy "host_itf:inst1"
Warning (10240): Verilog HDL Always Construct warning at host_itf.v(34): inferring latch(es) for variable "x8800_0090", which holds its previous value in one or more paths through the always construct
Info (10041): Inferred latch for "x8800_0090[0]" at host_itf.v(34)
Info (10041): Inferred latch for "x8800_0090[1]" at host_itf.v(34)
Info (10041): Inferred latch for "x8800_0090[2]" at host_itf.v(34)
Info (10041): Inferred latch for "x8800_0090[3]" at host_itf.v(34)
Info (10041): Inferred latch for "x8800_0090[4]" at host_itf.v(34)
Info (10041): Inferred latch for "x8800_0090[5]" at host_itf.v(34)
Info (10041): Inferred latch for "x8800_0090[6]" at host_itf.v(34)
Info (10041): Inferred latch for "x8800_0090[7]" at host_itf.v(34)
Info (10041): Inferred latch for "x8800_0090[8]" at host_itf.v(34)
Info (10041): Inferred latch for "x8800_0090[9]" at host_itf.v(34)
Info (10041): Inferred latch for "x8800_0090[10]" at host_itf.v(34)
Info (10041): Inferred latch for "x8800_0090[11]" at host_itf.v(34)
Info (10041): Inferred latch for "x8800_0090[12]" at host_itf.v(34)
Info (10041): Inferred latch for "x8800_0090[13]" at host_itf.v(34)
Info (10041): Inferred latch for "x8800_0090[14]" at host_itf.v(34)
Info (10041): Inferred latch for "x8800_0090[15]" at host_itf.v(34)
Info (12128): Elaborating entity "CLK_div_gen" for hierarchy "CLK_div_gen:inst2"
Info (12128): Elaborating entity "host_io" for hierarchy "host_io:inst"
Info (12128): Elaborating entity "data_CONT" for hierarchy "data_CONT:inst5"
Info (12128): Elaborating entity "seg_demo" for hierarchy "seg_demo:inst6"
Info (12128): Elaborating entity "counter_demo" for hierarchy "counter_demo:inst3"
Warning (10230): Verilog HDL assignment warning at counter.v(26): truncated value with size 32 to match size of target (16)
Info (278001): Inferred 9 megafunctions from design logic
    Info (278004): Inferred divider/modulo megafunction ("lpm_divide") from the following logic: "seg_demo:inst6|Div1"
    Info (278004): Inferred divider/modulo megafunction ("lpm_divide") from the following logic: "seg_demo:inst6|Mod2"
    Info (278004): Inferred divider/modulo megafunction ("lpm_divide") from the following logic: "seg_demo:inst6|Div0"
    Info (278004): Inferred divider/modulo megafunction ("lpm_divide") from the following logic: "seg_demo:inst6|Mod1"
    Info (278004): Inferred divider/modulo megafunction ("lpm_divide") from the following logic: "seg_demo:inst6|Mod0"
    Info (278004): Inferred divider/modulo megafunction ("lpm_divide") from the following logic: "seg_demo:inst6|Div2"
    Info (278004): Inferred divider/modulo megafunction ("lpm_divide") from the following logic: "seg_demo:inst6|Mod3"
    Info (278004): Inferred divider/modulo megafunction ("lpm_divide") from the following logic: "seg_demo:inst6|Div3"
    Info (278004): Inferred divider/modulo megafunction ("lpm_divide") from the following logic: "seg_demo:inst6|Mod4"
Info (12130): Elaborated megafunction instantiation "seg_demo:inst6|lpm_divide:Div1"
Info (12133): Instantiated megafunction "seg_demo:inst6|lpm_divide:Div1" with the following parameter:
    Info (12134): Parameter "LPM_WIDTHN" = "16"
    Info (12134): Parameter "LPM_WIDTHD" = "7"
    Info (12134): Parameter "LPM_NREPRESENTATION" = "UNSIGNED"
    Info (12134): Parameter "LPM_DREPRESENTATION" = "UNSIGNED"
Info (12021): Found 1 design units, including 1 entities, in source file db/lpm_divide_jem.tdf
    Info (12023): Found entity 1: lpm_divide_jem
Info (12021): Found 1 design units, including 1 entities, in source file db/sign_div_unsign_tlh.tdf
    Info (12023): Found entity 1: sign_div_unsign_tlh
Info (12021): Found 1 design units, including 1 entities, in source file db/alt_u_div_s2f.tdf
    Info (12023): Found entity 1: alt_u_div_s2f
Info (12021): Found 1 design units, including 1 entities, in source file db/add_sub_lkc.tdf
    Info (12023): Found entity 1: add_sub_lkc
Info (12021): Found 1 design units, including 1 entities, in source file db/add_sub_mkc.tdf
    Info (12023): Found entity 1: add_sub_mkc
Info (12130): Elaborated megafunction instantiation "seg_demo:inst6|lpm_divide:Mod2"
Info (12133): Instantiated megafunction "seg_demo:inst6|lpm_divide:Mod2" with the following parameter:
    Info (12134): Parameter "LPM_WIDTHN" = "16"
    Info (12134): Parameter "LPM_WIDTHD" = "4"
    Info (12134): Parameter "LPM_NREPRESENTATION" = "UNSIGNED"
    Info (12134): Parameter "LPM_DREPRESENTATION" = "UNSIGNED"
Info (12021): Found 1 design units, including 1 entities, in source file db/lpm_divide_j6m.tdf
    Info (12023): Found entity 1: lpm_divide_j6m
Info (12021): Found 1 design units, including 1 entities, in source file db/sign_div_unsign_qlh.tdf
    Info (12023): Found entity 1: sign_div_unsign_qlh
Info (12021): Found 1 design units, including 1 entities, in source file db/alt_u_div_m2f.tdf
    Info (12023): Found entity 1: alt_u_div_m2f
Info (12130): Elaborated megafunction instantiation "seg_demo:inst6|lpm_divide:Div0"
Info (12133): Instantiated megafunction "seg_demo:inst6|lpm_divide:Div0" with the following parameter:
    Info (12134): Parameter "LPM_WIDTHN" = "16"
    Info (12134): Parameter "LPM_WIDTHD" = "4"
    Info (12134): Parameter "LPM_NREPRESENTATION" = "UNSIGNED"
    Info (12134): Parameter "LPM_DREPRESENTATION" = "UNSIGNED"
Info (12021): Found 1 design units, including 1 entities, in source file db/lpm_divide_gem.tdf
    Info (12023): Found entity 1: lpm_divide_gem
Info (12130): Elaborated megafunction instantiation "seg_demo:inst6|lpm_divide:Div2"
Info (12133): Instantiated megafunction "seg_demo:inst6|lpm_divide:Div2" with the following parameter:
    Info (12134): Parameter "LPM_WIDTHN" = "16"
    Info (12134): Parameter "LPM_WIDTHD" = "10"
    Info (12134): Parameter "LPM_NREPRESENTATION" = "UNSIGNED"
    Info (12134): Parameter "LPM_DREPRESENTATION" = "UNSIGNED"
Info (12021): Found 1 design units, including 1 entities, in source file db/lpm_divide_tfm.tdf
    Info (12023): Found entity 1: lpm_divide_tfm
Info (12021): Found 1 design units, including 1 entities, in source file db/sign_div_unsign_7nh.tdf
    Info (12023): Found entity 1: sign_div_unsign_7nh
Info (12021): Found 1 design units, including 1 entities, in source file db/alt_u_div_g5f.tdf
    Info (12023): Found entity 1: alt_u_div_g5f
Info (12130): Elaborated megafunction instantiation "seg_demo:inst6|lpm_divide:Div3"
Info (12133): Instantiated megafunction "seg_demo:inst6|lpm_divide:Div3" with the following parameter:
    Info (12134): Parameter "LPM_WIDTHN" = "16"
    Info (12134): Parameter "LPM_WIDTHD" = "14"
    Info (12134): Parameter "LPM_NREPRESENTATION" = "UNSIGNED"
    Info (12134): Parameter "LPM_DREPRESENTATION" = "UNSIGNED"
Info (12021): Found 1 design units, including 1 entities, in source file db/lpm_divide_1gm.tdf
    Info (12023): Found entity 1: lpm_divide_1gm
Info (12021): Found 1 design units, including 1 entities, in source file db/sign_div_unsign_bnh.tdf
    Info (12023): Found entity 1: sign_div_unsign_bnh
Info (12021): Found 1 design units, including 1 entities, in source file db/alt_u_div_o5f.tdf
    Info (12023): Found entity 1: alt_u_div_o5f
Warning (13039): The following bidir pins have no drivers
    Warning (13040): Bidir "SRAM_DATA" has no driver
    Warning (13040): Bidir "SRAM_DATA" has no driver
    Warning (13040): Bidir "SRAM_DATA" has no driver
    Warning (13040): Bidir "SRAM_DATA" has no driver
    Warning (13040): Bidir "SRAM_DATA" has no driver
    Warning (13040): Bidir "SRAM_DATA" has no driver
    Warning (13040): Bidir "SRAM_DATA" has no driver
    Warning (13040): Bidir "SRAM_DATA" has no driver
    Warning (13040): Bidir "SRAM_DATA" has no driver
    Warning (13040): Bidir "SRAM_DATA" has no driver
    Warning (13040): Bidir "SRAM_DATA" has no driver
    Warning (13040): Bidir "SRAM_DATA" has no driver
    Warning (13040): Bidir "SRAM_DATA" has no driver
    Warning (13040): Bidir "SRAM_DATA" has no driver
    Warning (13040): Bidir "SRAM_DATA" has no driver
    Warning (13040): Bidir "SRAM_DATA" has no driver
Info (13000): Registers with preset signals will power-up high
Info (13003): DEV_CLRn pin will set, and not reset, register with preset signal due to NOT Gate Push-Back
Warning (13024): Output pins are stuck at VCC or GND
    Warning (13410): Pin "lcd_e" is stuck at GND
    Warning (13410): Pin "lcd_rs" is stuck at GND
    Warning (13410): Pin "lcd_rw" is stuck at GND
    Warning (13410): Pin "SRAM_nOE" is stuck at GND
    Warning (13410): Pin "SRAM_nWE" is stuck at GND
    Warning (13410): Pin "SRAM_nCS" is stuck at GND
    Warning (13410): Pin "dot_d[6]" is stuck at GND
    Warning (13410): Pin "dot_d[5]" is stuck at GND
    Warning (13410): Pin "dot_d[4]" is stuck at GND
    Warning (13410): Pin "dot_d[3]" is stuck at GND
    Warning (13410): Pin "dot_d[2]" is stuck at GND
    Warning (13410): Pin "dot_d[1]" is stuck at GND
    Warning (13410): Pin "dot_d[0]" is stuck at GND
    Warning (13410): Pin "dot_scan[9]" is stuck at GND
    Warning (13410): Pin "dot_scan[8]" is stuck at GND
    Warning (13410): Pin "dot_scan[7]" is stuck at GND
    Warning (13410): Pin "dot_scan[6]" is stuck at GND
    Warning (13410): Pin "dot_scan[5]" is stuck at GND
    Warning (13410): Pin "dot_scan[4]" is stuck at GND
    Warning (13410): Pin "dot_scan[3]" is stuck at GND
    Warning (13410): Pin "dot_scan[2]" is stuck at GND
    Warning (13410): Pin "dot_scan[1]" is stuck at GND
    Warning (13410): Pin "dot_scan[0]" is stuck at GND
    Warning (13410): Pin "lcd_data[7]" is stuck at GND
    Warning (13410): Pin "lcd_data[6]" is stuck at GND
    Warning (13410): Pin "lcd_data[5]" is stuck at GND
    Warning (13410): Pin "lcd_data[4]" is stuck at GND
    Warning (13410): Pin "lcd_data[3]" is stuck at GND
    Warning (13410): Pin "lcd_data[2]" is stuck at GND
    Warning (13410): Pin "lcd_data[1]" is stuck at GND
    Warning (13410): Pin "lcd_data[0]" is stuck at GND
    Warning (13410): Pin "led[7]" is stuck at GND
    Warning (13410): Pin "led[6]" is stuck at GND
    Warning (13410): Pin "led[5]" is stuck at GND
    Warning (13410): Pin "led[4]" is stuck at GND
    Warning (13410): Pin "led[3]" is stuck at GND
    Warning (13410): Pin "led[2]" is stuck at GND
    Warning (13410): Pin "led[1]" is stuck at GND
    Warning (13410): Pin "led[0]" is stuck at GND
    Warning (13410): Pin "SRAM_ADDR[17]" is stuck at GND
    Warning (13410): Pin "SRAM_ADDR[16]" is stuck at GND
    Warning (13410): Pin "SRAM_ADDR[15]" is stuck at GND
    Warning (13410): Pin "SRAM_ADDR[14]" is stuck at GND
    Warning (13410): Pin "SRAM_ADDR[13]" is stuck at GND
    Warning (13410): Pin "SRAM_ADDR[12]" is stuck at GND
    Warning (13410): Pin "SRAM_ADDR[11]" is stuck at GND
    Warning (13410): Pin "SRAM_ADDR[10]" is stuck at GND
    Warning (13410): Pin "SRAM_ADDR[9]" is stuck at GND
    Warning (13410): Pin "SRAM_ADDR[8]" is stuck at GND
    Warning (13410): Pin "SRAM_ADDR[7]" is stuck at GND
    Warning (13410): Pin "SRAM_ADDR[6]" is stuck at GND
    Warning (13410): Pin "SRAM_ADDR[5]" is stuck at GND
    Warning (13410): Pin "SRAM_ADDR[4]" is stuck at GND
    Warning (13410): Pin "SRAM_ADDR[3]" is stuck at GND
    Warning (13410): Pin "SRAM_ADDR[2]" is stuck at GND
    Warning (13410): Pin "SRAM_ADDR[1]" is stuck at GND
    Warning (13410): Pin "SRAM_ADDR[0]" is stuck at GND
Info (17016): Found the following redundant logic cells in design
    Info (17048): Logic cell "seg_demo:inst6|lpm_divide:Mod2|lpm_divide_j6m:auto_generated|sign_div_unsign_qlh:divider|alt_u_div_m2f:divider|add_sub_15_result_int[0]~0"
    Info (17048): Logic cell "seg_demo:inst6|lpm_divide:Mod2|lpm_divide_j6m:auto_generated|sign_div_unsign_qlh:divider|alt_u_div_m2f:divider|add_sub_9_result_int[0]~10"
    Info (17048): Logic cell "seg_demo:inst6|lpm_divide:Mod2|lpm_divide_j6m:auto_generated|sign_div_unsign_qlh:divider|alt_u_div_m2f:divider|add_sub_10_result_int[0]~10"
    Info (17048): Logic cell "seg_demo:inst6|lpm_divide:Mod2|lpm_divide_j6m:auto_generated|sign_div_unsign_qlh:divider|alt_u_div_m2f:divider|add_sub_11_result_int[0]~10"
    Info (17048): Logic cell "seg_demo:inst6|lpm_divide:Mod2|lpm_divide_j6m:auto_generated|sign_div_unsign_qlh:divider|alt_u_div_m2f:divider|add_sub_12_result_int[0]~10"
    Info (17048): Logic cell "seg_demo:inst6|lpm_divide:Mod2|lpm_divide_j6m:auto_generated|sign_div_unsign_qlh:divider|alt_u_div_m2f:divider|add_sub_13_result_int[0]~10"
    Info (17048): Logic cell "seg_demo:inst6|lpm_divide:Mod2|lpm_divide_j6m:auto_generated|sign_div_unsign_qlh:divider|alt_u_div_m2f:divider|add_sub_14_result_int[0]~10"
    Info (17048): Logic cell "seg_demo:inst6|lpm_divide:Mod3|lpm_divide_j6m:auto_generated|sign_div_unsign_qlh:divider|alt_u_div_m2f:divider|add_sub_15_result_int[0]~0"
    Info (17048): Logic cell "seg_demo:inst6|lpm_divide:Mod3|lpm_divide_j6m:auto_generated|sign_div_unsign_qlh:divider|alt_u_div_m2f:divider|add_sub_12_result_int[0]~10"
    Info (17048): Logic cell "seg_demo:inst6|lpm_divide:Mod3|lpm_divide_j6m:auto_generated|sign_div_unsign_qlh:divider|alt_u_div_m2f:divider|add_sub_13_result_int[0]~10"
    Info (17048): Logic cell "seg_demo:inst6|lpm_divide:Mod3|lpm_divide_j6m:auto_generated|sign_div_unsign_qlh:divider|alt_u_div_m2f:divider|add_sub_14_result_int[0]~10"
Info (16010): Generating hard_block partition "hard_block:auto_generated_inst"
    Info (16011): Adding 0 node(s), including 0 DDIO, 0 PLL, 0 transceiver and 0 LCELL
Warning (21074): Design contains 21 input pin(s) that do not drive logic
    Warning (15610): No output dependent on input pin "XM0_ADDR[20]"
    Warning (15610): No output dependent on input pin "M_nRESET"
    Warning (15610): No output dependent on input pin "XCLKOUT"
    Warning (15610): No output dependent on input pin "CPLD_8"
    Warning (15610): No output dependent on input pin "CPLD_1"
    Warning (15610): No output dependent on input pin "XEINT8"
    Warning (15610): No output dependent on input pin "STEP_A"
    Warning (15610): No output dependent on input pin "STEP_nA"
    Warning (15610): No output dependent on input pin "STEP_B"
    Warning (15610): No output dependent on input pin "STEP_nB"
    Warning (15610): No output dependent on input pin "GPJ4_0"
    Warning (15610): No output dependent on input pin "GPJ4_1"
    Warning (15610): No output dependent on input pin "GPJ4_2"
    Warning (15610): No output dependent on input pin "GPJ4_3"
    Warning (15610): No output dependent on input pin "GPJ4_4"
    Warning (15610): No output dependent on input pin "GPJ1_5"
    Warning (15610): No output dependent on input pin "SPI_DOUT"
    Warning (15610): No output dependent on input pin "SPI_DIN"
    Warning (15610): No output dependent on input pin "SPI_SCLK"
    Warning (15610): No output dependent on input pin "SPI_DA_CS"
    Warning (15610): No output dependent on input pin "SPI_AD_CS"
Info (21057): Implemented 2012 device resources after synthesis - the final resource count might be different
    Info (21058): Implemented 71 input pins
    Info (21059): Implemented 76 output pins
    Info (21060): Implemented 32 bidirectional pins
    Info (21061): Implemented 1833 logic cells
Info: Quartus II 64-Bit Analysis & Synthesis was successful. 0 errors, 131 warnings
    Info: Peak virtual memory: 472 megabytes
    Info: Processing ended: Thu May 29 22:31:06 2014
    Info: Elapsed time: 00:00:05
    Info: Total CPU time (on all processors): 00:00:05


